<?xml version="1.0" encoding="UTF-8"?>
<!-- Generated by org.testng.reporters.JUnitXMLReporter -->
<testsuite ignored="0" hostname="HPCLAUDIO" failures="0" tests="5" name="Chrome-LoginFunctionalityTests" time="24.001" errors="0" timestamp="2025-08-04T14:21:00 CLT">
  <testcase classname="suiteTest.LoginTest" name="testLogin" time="5.431"/>
  <testcase classname="suiteTest.LoginTest" name="testLogin" time="10.119"/>
  <testcase classname="suiteTest.LoginTest" name="testLogin" time="3.017"/>
  <testcase classname="suiteTest.LoginTest" name="testEmptyLoginFast" time="0.434"/>
  <testcase classname="suiteTest.LoginTest" name="testInvalidCredentialsFast" time="0.486"/>
</testsuite> <!-- Chrome-LoginFunctionalityTests -->
