<?xml version="1.0" encoding="UTF-8"?>
<!-- Generated by org.testng.reporters.JUnitXMLReporter -->
<testsuite ignored="0" hostname="HPCLAUDIO" failures="0" tests="9" name="Chrome-RegisterFunctionalityTests" time="151.894" errors="0" timestamp="2025-08-04T14:23:56 CLT">
  <testcase classname="suiteTest.RegisterTest" name="testCompleteFormSubmission" time="37.409"/>
  <testcase classname="suiteTest.RegisterTest" name="testCompleteFormSubmission" time="11.488"/>
  <testcase classname="suiteTest.RegisterTest" name="testCompleteFormSubmission" time="11.063"/>
  <testcase classname="suiteTest.RegisterTest" name="testCompleteFormSubmission" time="10.347"/>
  <testcase classname="suiteTest.RegisterTest" name="testCompleteFormSubmission" time="10.976"/>
  <testcase classname="suiteTest.RegisterTest" name="testCompleteFormSubmission" time="11.062"/>
  <testcase classname="suiteTest.RegisterTest" name="testCompleteFormSubmission" time="41.9"/>
  <testcase classname="suiteTest.RegisterTest" name="testCompleteFormSubmission" time="11.103"/>
  <testcase classname="suiteTest.RegisterTest" name="testFormFieldsValidation" time="2.085"/>
</testsuite> <!-- Chrome-RegisterFunctionalityTests -->
