<?xml version="1.0" encoding="UTF-8"?>
<!-- Generated by org.testng.reporters.JUnitXMLReporter -->
<testsuite ignored="0" hostname="HPCLAUDIO" failures="0" tests="9" name="Firefox-RegisterFunctionalityTests" time="135.992" errors="0" timestamp="2025-08-04T14:26:12 CLT">
  <testcase classname="suiteTest.RegisterTest" name="testCompleteFormSubmission" time="21.242"/>
  <testcase classname="suiteTest.RegisterTest" name="testCompleteFormSubmission" time="11.092"/>
  <testcase classname="suiteTest.RegisterTest" name="testCompleteFormSubmission" time="11.211"/>
  <testcase classname="suiteTest.RegisterTest" name="testCompleteFormSubmission" time="11.095"/>
  <testcase classname="suiteTest.RegisterTest" name="testCompleteFormSubmission" time="11.261"/>
  <testcase classname="suiteTest.RegisterTest" name="testCompleteFormSubmission" time="11.145"/>
  <testcase classname="suiteTest.RegisterTest" name="testCompleteFormSubmission" time="42.253"/>
  <testcase classname="suiteTest.RegisterTest" name="testCompleteFormSubmission" time="11.131"/>
  <testcase classname="suiteTest.RegisterTest" name="testFormFieldsValidation" time="1.492"/>
</testsuite> <!-- Firefox-RegisterFunctionalityTests -->
