<?xml version="1.0" encoding="UTF-8"?>
<!-- Generated by org.testng.reporters.JUnitXMLReporter -->
<testsuite ignored="0" hostname="HPCLAUDIO" failures="0" tests="5" name="Firefox-LoginFunctionalityTests" time="23.672" errors="0" timestamp="2025-08-04T14:21:24 CLT">
  <testcase classname="suiteTest.LoginTest" name="testLogin" time="5.751"/>
  <testcase classname="suiteTest.LoginTest" name="testLogin" time="10.138"/>
  <testcase classname="suiteTest.LoginTest" name="testLogin" time="2.996"/>
  <testcase classname="suiteTest.LoginTest" name="testEmptyLoginFast" time="0.448"/>
  <testcase classname="suiteTest.LoginTest" name="testInvalidCredentialsFast" time="0.469"/>
</testsuite> <!-- Firefox-LoginFunctionalityTests -->
