<?xml version="1.0" encoding="UTF-8"?>
<!-- Generated by org.testng.reporters.JUnitXMLReporter -->
<testsuite ignored="1" hostname="HPCLAUDIO" failures="0" tests="4" name="Surefire test" time="96.828" errors="0" timestamp="2025-08-04T17:25:37 CLT">
  <testcase classname="suiteTest.RegisterTest" name="testCompleteFormSubmission" time="17.619"/>
  <testcase classname="suiteTest.RegisterTest" name="testCompleteFormSubmission" time="31.102"/>
  <testcase classname="suiteTest.RegisterTest" name="testCompleteFormSubmission" time="31.719"/>
  <testcase classname="suiteTest.RegisterTest" name="testCompleteFormSubmission" time="12.471"/>
  <testcase classname="suiteTest.RegisterTest" name="testFormFieldsValidation" time="0.0">
    <ignored/>
  </testcase> <!-- testFormFieldsValidation -->
</testsuite> <!-- Surefire test -->
