<?xml version="1.0" encoding="UTF-8"?>
<!-- Generated by org.testng.reporters.JUnitXMLReporter -->
<testsuite ignored="0" hostname="HPCLAUDIO" failures="0" tests="5" name="LoginFunctionalityTests" time="23.513" errors="0" timestamp="2025-08-04T14:11:18 CLT">
  <testcase classname="suiteTest.LoginTest" name="testLogin" time="5.7"/>
  <testcase classname="suiteTest.LoginTest" name="testLogin" time="10.382"/>
  <testcase classname="suiteTest.LoginTest" name="testLogin" time="2.756"/>
  <testcase classname="suiteTest.LoginTest" name="testEmptyLoginFast" time="0.393"/>
  <testcase classname="suiteTest.LoginTest" name="testInvalidCredentialsFast" time="0.509"/>
</testsuite> <!-- LoginFunctionalityTests -->
