<?xml version="1.0" encoding="UTF-8"?>
<!-- Generated by org.testng.reporters.JUnitXMLReporter -->
<testsuite ignored="0" hostname="HPCLAUDIO" failures="0" tests="9" name="RegisterFunctionalityTests" time="201.786" errors="0" timestamp="2025-08-04T14:14:40 CLT">
  <testcase classname="suiteTest.RegisterTest" name="testCompleteFormSubmission" time="34.127"/>
  <testcase classname="suiteTest.RegisterTest" name="testCompleteFormSubmission" time="32.06"/>
  <testcase classname="suiteTest.RegisterTest" name="testCompleteFormSubmission" time="30.544"/>
  <testcase classname="suiteTest.RegisterTest" name="testCompleteFormSubmission" time="14.018"/>
  <testcase classname="suiteTest.RegisterTest" name="testCompleteFormSubmission" time="12.427"/>
  <testcase classname="suiteTest.RegisterTest" name="testCompleteFormSubmission" time="13.958"/>
  <testcase classname="suiteTest.RegisterTest" name="testCompleteFormSubmission" time="46.175"/>
  <testcase classname="suiteTest.RegisterTest" name="testCompleteFormSubmission" time="14.001"/>
  <testcase classname="suiteTest.RegisterTest" name="testFormFieldsValidation" time="1.378"/>
</testsuite> <!-- RegisterFunctionalityTests -->
