<?xml version="1.0" encoding="UTF-8"?>
<testng-results ignored="0" total="17" passed="17" failed="0" skipped="0">
  <reporter-output>
  </reporter-output>
  <suite started-at="2025-08-05T14:37:44 CLT" name="Cross-Browser-Suite-Optimized" finished-at="2025-08-05T14:42:20 CLT" duration-ms="276283">
    <groups>
    </groups>
    <test started-at="2025-08-05T14:37:44 CLT" name="Chrome-LoginTests-Complete" finished-at="2025-08-05T14:38:06 CLT" duration-ms="22112">
      <class name="suiteTest.LoginTest">
        <test-method is-config="true" signature="setUp(java.lang.String)[pri:0, instance:suiteTest.LoginTest@359f7cdf]" started-at="2025-08-05T14:37:44 CLT" name="setUp" finished-at="2025-08-05T14:37:50 CLT" duration-ms="5428" status="PASS">
          <params>
            <param index="0">
              <value>
                <![CDATA[chrome]]>
              </value>
            </param>
          </params>
          <reporter-output>
          </reporter-output>
        </test-method> <!-- setUp -->
        <test-method signature="testLogin(utils.UserData)[pri:1, instance:suiteTest.LoginTest@359f7cdf]" started-at="2025-08-05T14:37:50 CLT" name="testLogin" data-provider="loginData" finished-at="2025-08-05T14:37:56 CLT" duration-ms="6291" status="PASS">
          <params>
            <param index="0">
              <value>
                <![CDATA[UserData{username='student', password='***', expectedResult='success', description='Login válido con credenciales correctas'}]]>
              </value>
            </param>
          </params>
          <reporter-output>
          </reporter-output>
        </test-method> <!-- testLogin -->
        <test-method is-config="true" signature="afterMethodFast()[pri:0, instance:suiteTest.LoginTest@359f7cdf]" started-at="2025-08-05T14:37:56 CLT" name="afterMethodFast" finished-at="2025-08-05T14:37:56 CLT" duration-ms="16" status="PASS">
          <reporter-output>
          </reporter-output>
        </test-method> <!-- afterMethodFast -->
        <test-method signature="testLogin(utils.UserData)[pri:1, instance:suiteTest.LoginTest@359f7cdf]" started-at="2025-08-05T14:37:56 CLT" name="testLogin" data-provider="loginData" finished-at="2025-08-05T14:38:00 CLT" duration-ms="3533" status="PASS">
          <params>
            <param index="0">
              <value>
                <![CDATA[UserData{username='incorrectUser', password='***', expectedResult='failed', description='Usuario inexistente'}]]>
              </value>
            </param>
          </params>
          <reporter-output>
          </reporter-output>
        </test-method> <!-- testLogin -->
        <test-method is-config="true" signature="afterMethodFast()[pri:0, instance:suiteTest.LoginTest@359f7cdf]" started-at="2025-08-05T14:38:00 CLT" name="afterMethodFast" finished-at="2025-08-05T14:38:00 CLT" duration-ms="8" status="PASS">
          <reporter-output>
          </reporter-output>
        </test-method> <!-- afterMethodFast -->
        <test-method signature="testLogin(utils.UserData)[pri:1, instance:suiteTest.LoginTest@359f7cdf]" started-at="2025-08-05T14:38:00 CLT" name="testLogin" data-provider="loginData" finished-at="2025-08-05T14:38:03 CLT" duration-ms="3295" status="PASS">
          <params>
            <param index="0">
              <value>
                <![CDATA[UserData{username='student', password='***', expectedResult='failed', description='Contraseña incorrecta'}]]>
              </value>
            </param>
          </params>
          <reporter-output>
          </reporter-output>
        </test-method> <!-- testLogin -->
        <test-method is-config="true" signature="afterMethodFast()[pri:0, instance:suiteTest.LoginTest@359f7cdf]" started-at="2025-08-05T14:38:03 CLT" name="afterMethodFast" finished-at="2025-08-05T14:38:03 CLT" duration-ms="17" status="PASS">
          <reporter-output>
          </reporter-output>
        </test-method> <!-- afterMethodFast -->
        <test-method signature="testEmptyLoginFast()[pri:2, instance:suiteTest.LoginTest@359f7cdf]" started-at="2025-08-05T14:38:03 CLT" name="testEmptyLoginFast" finished-at="2025-08-05T14:38:04 CLT" duration-ms="1155" status="PASS">
          <reporter-output>
          </reporter-output>
        </test-method> <!-- testEmptyLoginFast -->
        <test-method is-config="true" signature="afterMethodFast()[pri:0, instance:suiteTest.LoginTest@359f7cdf]" started-at="2025-08-05T14:38:05 CLT" name="afterMethodFast" finished-at="2025-08-05T14:38:05 CLT" duration-ms="6" status="PASS">
          <reporter-output>
          </reporter-output>
        </test-method> <!-- afterMethodFast -->
        <test-method signature="testInvalidCredentialsFast()[pri:3, instance:suiteTest.LoginTest@359f7cdf]" started-at="2025-08-05T14:38:05 CLT" name="testInvalidCredentialsFast" finished-at="2025-08-05T14:38:05 CLT" duration-ms="747" status="PASS">
          <reporter-output>
          </reporter-output>
        </test-method> <!-- testInvalidCredentialsFast -->
        <test-method is-config="true" signature="afterMethodFast()[pri:0, instance:suiteTest.LoginTest@359f7cdf]" started-at="2025-08-05T14:38:06 CLT" name="afterMethodFast" finished-at="2025-08-05T14:38:06 CLT" duration-ms="16" status="PASS">
          <reporter-output>
          </reporter-output>
        </test-method> <!-- afterMethodFast -->
        <test-method is-config="true" signature="tearDown()[pri:0, instance:suiteTest.LoginTest@359f7cdf]" started-at="2025-08-05T14:38:06 CLT" name="tearDown" finished-at="2025-08-05T14:38:06 CLT" duration-ms="430" status="PASS">
          <reporter-output>
          </reporter-output>
        </test-method> <!-- tearDown -->
      </class> <!-- suiteTest.LoginTest -->
    </test> <!-- Chrome-LoginTests-Complete -->
    <test started-at="2025-08-05T14:38:07 CLT" name="Chrome-RegisterTests-Complete" finished-at="2025-08-05T14:40:35 CLT" duration-ms="148406">
      <class name="suiteTest.RegisterTest">
        <test-method is-config="true" signature="setUp(java.lang.String)[pri:0, instance:suiteTest.RegisterTest@55183b20]" started-at="2025-08-05T14:38:07 CLT" name="setUp" finished-at="2025-08-05T14:38:09 CLT" duration-ms="1640" status="PASS">
          <params>
            <param index="0">
              <value>
                <![CDATA[chrome]]>
              </value>
            </param>
          </params>
          <reporter-output>
          </reporter-output>
        </test-method> <!-- setUp -->
        <test-method signature="testCompleteFormSubmission(utils.RegisterData)[pri:1, instance:suiteTest.RegisterTest@55183b20]" started-at="2025-08-05T14:38:09 CLT" name="testCompleteFormSubmission" data-provider="registerData" finished-at="2025-08-05T14:38:49 CLT" duration-ms="40318" status="PASS">
          <params>
            <param index="0">
              <value>
                <![CDATA[RegisterData{firstName='Juan', lastName='Perez', email='juan.perez@gmail.com', phoneNumber='1234567890', dateOfBirth='15 January 1990', gender='Male', state='NCR', city='Delhi', currentAddress='Juan Perez Address
123 Main Street
Delhi India'}]]>
              </value>
            </param>
          </params>
          <reporter-output>
          </reporter-output>
        </test-method> <!-- testCompleteFormSubmission -->
        <test-method is-config="true" signature="afterMethod()[pri:0, instance:suiteTest.RegisterTest@55183b20]" started-at="2025-08-05T14:38:49 CLT" name="afterMethod" finished-at="2025-08-05T14:38:49 CLT" duration-ms="96" status="PASS">
          <reporter-output>
          </reporter-output>
        </test-method> <!-- afterMethod -->
        <test-method signature="testCompleteFormSubmission(utils.RegisterData)[pri:1, instance:suiteTest.RegisterTest@55183b20]" started-at="2025-08-05T14:38:49 CLT" name="testCompleteFormSubmission" data-provider="registerData" finished-at="2025-08-05T14:39:23 CLT" duration-ms="34122" status="PASS">
          <params>
            <param index="0">
              <value>
                <![CDATA[RegisterData{firstName='Maria', lastName='Garcia', email='maria.garcia@outlook.com', phoneNumber='9876543210', dateOfBirth='20 February 1992', gender='Female', state='Uttar Pradesh', city='Agra', currentAddress='Maria Garcia Address
456 Oak Avenue
Agra India'}]]>
              </value>
            </param>
          </params>
          <reporter-output>
          </reporter-output>
        </test-method> <!-- testCompleteFormSubmission -->
        <test-method is-config="true" signature="afterMethod()[pri:0, instance:suiteTest.RegisterTest@55183b20]" started-at="2025-08-05T14:39:24 CLT" name="afterMethod" finished-at="2025-08-05T14:39:24 CLT" duration-ms="50" status="PASS">
          <reporter-output>
          </reporter-output>
        </test-method> <!-- afterMethod -->
        <test-method signature="testCompleteFormSubmission(utils.RegisterData)[pri:1, instance:suiteTest.RegisterTest@55183b20]" started-at="2025-08-05T14:39:24 CLT" name="testCompleteFormSubmission" data-provider="registerData" finished-at="2025-08-05T14:39:57 CLT" duration-ms="33699" status="PASS">
          <params>
            <param index="0">
              <value>
                <![CDATA[RegisterData{firstName='Carlos', lastName='Rodriguez', email='carlos.rodriguez@yahoo.com', phoneNumber='5555666777', dateOfBirth='10 March 1988', gender='Male', state='Haryana', city='Karnal', currentAddress='Carlos Rodriguez Address
789 Pine Road
Karnal India'}]]>
              </value>
            </param>
          </params>
          <reporter-output>
          </reporter-output>
        </test-method> <!-- testCompleteFormSubmission -->
        <test-method is-config="true" signature="afterMethod()[pri:0, instance:suiteTest.RegisterTest@55183b20]" started-at="2025-08-05T14:39:57 CLT" name="afterMethod" finished-at="2025-08-05T14:39:58 CLT" duration-ms="74" status="PASS">
          <reporter-output>
          </reporter-output>
        </test-method> <!-- afterMethod -->
        <test-method signature="testCompleteFormSubmission(utils.RegisterData)[pri:1, instance:suiteTest.RegisterTest@55183b20]" started-at="2025-08-05T14:39:58 CLT" name="testCompleteFormSubmission" data-provider="registerData" finished-at="2025-08-05T14:40:31 CLT" duration-ms="33926" status="PASS">
          <params>
            <param index="0">
              <value>
                <![CDATA[RegisterData{firstName='Empty', lastName='Fields', email='', phoneNumber='', dateOfBirth='', gender='', state='', city='', currentAddress=''}]]>
              </value>
            </param>
          </params>
          <reporter-output>
          </reporter-output>
        </test-method> <!-- testCompleteFormSubmission -->
        <test-method is-config="true" signature="afterMethod()[pri:0, instance:suiteTest.RegisterTest@55183b20]" started-at="2025-08-05T14:40:32 CLT" name="afterMethod" finished-at="2025-08-05T14:40:32 CLT" duration-ms="90" status="PASS">
          <reporter-output>
          </reporter-output>
        </test-method> <!-- afterMethod -->
        <test-method signature="testFormFieldsValidation()[pri:2, instance:suiteTest.RegisterTest@55183b20]" started-at="2025-08-05T14:40:32 CLT" name="testFormFieldsValidation" finished-at="2025-08-05T14:40:34 CLT" duration-ms="2216" status="PASS">
          <reporter-output>
          </reporter-output>
        </test-method> <!-- testFormFieldsValidation -->
        <test-method is-config="true" signature="afterMethod()[pri:0, instance:suiteTest.RegisterTest@55183b20]" started-at="2025-08-05T14:40:34 CLT" name="afterMethod" finished-at="2025-08-05T14:40:34 CLT" duration-ms="105" status="PASS">
          <reporter-output>
          </reporter-output>
        </test-method> <!-- afterMethod -->
        <test-method is-config="true" signature="tearDown()[pri:0, instance:suiteTest.RegisterTest@55183b20]" started-at="2025-08-05T14:40:34 CLT" name="tearDown" finished-at="2025-08-05T14:40:35 CLT" duration-ms="1149" status="PASS">
          <reporter-output>
          </reporter-output>
        </test-method> <!-- tearDown -->
      </class> <!-- suiteTest.RegisterTest -->
    </test> <!-- Chrome-RegisterTests-Complete -->
    <test started-at="2025-08-05T14:40:36 CLT" name="Firefox-LoginTest-Essential" finished-at="2025-08-05T14:40:55 CLT" duration-ms="19697">
      <class name="suiteTest.LoginTest">
        <test-method is-config="true" signature="setUp(java.lang.String)[pri:0, instance:suiteTest.LoginTest@6cf0e0ba]" started-at="2025-08-05T14:40:36 CLT" name="setUp" finished-at="2025-08-05T14:40:42 CLT" duration-ms="6703" status="PASS">
          <params>
            <param index="0">
              <value>
                <![CDATA[firefox]]>
              </value>
            </param>
          </params>
          <reporter-output>
          </reporter-output>
        </test-method> <!-- setUp -->
        <test-method signature="testLogin(utils.UserData)[pri:1, instance:suiteTest.LoginTest@6cf0e0ba]" started-at="2025-08-05T14:40:42 CLT" name="testLogin" data-provider="loginData" finished-at="2025-08-05T14:40:49 CLT" duration-ms="6201" status="PASS">
          <params>
            <param index="0">
              <value>
                <![CDATA[UserData{username='student', password='***', expectedResult='success', description='Login válido con credenciales correctas'}]]>
              </value>
            </param>
          </params>
          <reporter-output>
          </reporter-output>
        </test-method> <!-- testLogin -->
        <test-method is-config="true" signature="afterMethodFast()[pri:0, instance:suiteTest.LoginTest@6cf0e0ba]" started-at="2025-08-05T14:40:49 CLT" name="afterMethodFast" finished-at="2025-08-05T14:40:49 CLT" duration-ms="4" status="PASS">
          <reporter-output>
          </reporter-output>
        </test-method> <!-- afterMethodFast -->
        <test-method signature="testLogin(utils.UserData)[pri:1, instance:suiteTest.LoginTest@6cf0e0ba]" started-at="2025-08-05T14:40:49 CLT" name="testLogin" data-provider="loginData" finished-at="2025-08-05T14:40:51 CLT" duration-ms="2752" status="PASS">
          <params>
            <param index="0">
              <value>
                <![CDATA[UserData{username='incorrectUser', password='***', expectedResult='failed', description='Usuario inexistente'}]]>
              </value>
            </param>
          </params>
          <reporter-output>
          </reporter-output>
        </test-method> <!-- testLogin -->
        <test-method is-config="true" signature="afterMethodFast()[pri:0, instance:suiteTest.LoginTest@6cf0e0ba]" started-at="2025-08-05T14:40:51 CLT" name="afterMethodFast" finished-at="2025-08-05T14:40:51 CLT" duration-ms="13" status="PASS">
          <reporter-output>
          </reporter-output>
        </test-method> <!-- afterMethodFast -->
        <test-method signature="testLogin(utils.UserData)[pri:1, instance:suiteTest.LoginTest@6cf0e0ba]" started-at="2025-08-05T14:40:51 CLT" name="testLogin" data-provider="loginData" finished-at="2025-08-05T14:40:54 CLT" duration-ms="2675" status="PASS">
          <params>
            <param index="0">
              <value>
                <![CDATA[UserData{username='student', password='***', expectedResult='failed', description='Contraseña incorrecta'}]]>
              </value>
            </param>
          </params>
          <reporter-output>
          </reporter-output>
        </test-method> <!-- testLogin -->
        <test-method is-config="true" signature="afterMethodFast()[pri:0, instance:suiteTest.LoginTest@6cf0e0ba]" started-at="2025-08-05T14:40:54 CLT" name="afterMethodFast" finished-at="2025-08-05T14:40:54 CLT" duration-ms="11" status="PASS">
          <reporter-output>
          </reporter-output>
        </test-method> <!-- afterMethodFast -->
        <test-method is-config="true" signature="tearDown()[pri:0, instance:suiteTest.LoginTest@6cf0e0ba]" started-at="2025-08-05T14:40:54 CLT" name="tearDown" finished-at="2025-08-05T14:40:55 CLT" duration-ms="1152" status="PASS">
          <reporter-output>
          </reporter-output>
        </test-method> <!-- tearDown -->
      </class> <!-- suiteTest.LoginTest -->
    </test> <!-- Firefox-LoginTest-Essential -->
    <test started-at="2025-08-05T14:40:55 CLT" name="Firefox-RegisterTest-Essential" finished-at="2025-08-05T14:42:20 CLT" duration-ms="84658">
      <class name="suiteTest.RegisterTest">
        <test-method is-config="true" signature="setUp(java.lang.String)[pri:0, instance:suiteTest.RegisterTest@1283bb96]" started-at="2025-08-05T14:40:55 CLT" name="setUp" finished-at="2025-08-05T14:41:00 CLT" duration-ms="4585" status="PASS">
          <params>
            <param index="0">
              <value>
                <![CDATA[firefox]]>
              </value>
            </param>
          </params>
          <reporter-output>
          </reporter-output>
        </test-method> <!-- setUp -->
        <test-method signature="testCompleteFormSubmission(utils.RegisterData)[pri:1, instance:suiteTest.RegisterTest@1283bb96]" started-at="2025-08-05T14:41:00 CLT" name="testCompleteFormSubmission" data-provider="registerData" finished-at="2025-08-05T14:41:40 CLT" duration-ms="39798" status="PASS">
          <params>
            <param index="0">
              <value>
                <![CDATA[RegisterData{firstName='Juan', lastName='Perez', email='juan.perez@gmail.com', phoneNumber='1234567890', dateOfBirth='15 January 1990', gender='Male', state='NCR', city='Delhi', currentAddress='Juan Perez Address
123 Main Street
Delhi India'}]]>
              </value>
            </param>
          </params>
          <reporter-output>
          </reporter-output>
        </test-method> <!-- testCompleteFormSubmission -->
        <test-method is-config="true" signature="afterMethod()[pri:0, instance:suiteTest.RegisterTest@1283bb96]" started-at="2025-08-05T14:41:40 CLT" name="afterMethod" finished-at="2025-08-05T14:41:40 CLT" duration-ms="16" status="PASS">
          <reporter-output>
          </reporter-output>
        </test-method> <!-- afterMethod -->
        <test-method signature="testCompleteFormSubmission(utils.RegisterData)[pri:1, instance:suiteTest.RegisterTest@1283bb96]" started-at="2025-08-05T14:41:40 CLT" name="testCompleteFormSubmission" data-provider="registerData" finished-at="2025-08-05T14:41:53 CLT" duration-ms="12915" status="PASS">
          <params>
            <param index="0">
              <value>
                <![CDATA[RegisterData{firstName='Maria', lastName='Garcia', email='maria.garcia@outlook.com', phoneNumber='9876543210', dateOfBirth='20 February 1992', gender='Female', state='Uttar Pradesh', city='Agra', currentAddress='Maria Garcia Address
456 Oak Avenue
Agra India'}]]>
              </value>
            </param>
          </params>
          <reporter-output>
          </reporter-output>
        </test-method> <!-- testCompleteFormSubmission -->
        <test-method is-config="true" signature="afterMethod()[pri:0, instance:suiteTest.RegisterTest@1283bb96]" started-at="2025-08-05T14:41:53 CLT" name="afterMethod" finished-at="2025-08-05T14:41:53 CLT" duration-ms="12" status="PASS">
          <reporter-output>
          </reporter-output>
        </test-method> <!-- afterMethod -->
        <test-method signature="testCompleteFormSubmission(utils.RegisterData)[pri:1, instance:suiteTest.RegisterTest@1283bb96]" started-at="2025-08-05T14:41:53 CLT" name="testCompleteFormSubmission" data-provider="registerData" finished-at="2025-08-05T14:42:06 CLT" duration-ms="12766" status="PASS">
          <params>
            <param index="0">
              <value>
                <![CDATA[RegisterData{firstName='Carlos', lastName='Rodriguez', email='carlos.rodriguez@yahoo.com', phoneNumber='5555666777', dateOfBirth='10 March 1988', gender='Male', state='Haryana', city='Karnal', currentAddress='Carlos Rodriguez Address
789 Pine Road
Karnal India'}]]>
              </value>
            </param>
          </params>
          <reporter-output>
          </reporter-output>
        </test-method> <!-- testCompleteFormSubmission -->
        <test-method is-config="true" signature="afterMethod()[pri:0, instance:suiteTest.RegisterTest@1283bb96]" started-at="2025-08-05T14:42:06 CLT" name="afterMethod" finished-at="2025-08-05T14:42:06 CLT" duration-ms="37" status="PASS">
          <reporter-output>
          </reporter-output>
        </test-method> <!-- afterMethod -->
        <test-method signature="testCompleteFormSubmission(utils.RegisterData)[pri:1, instance:suiteTest.RegisterTest@1283bb96]" started-at="2025-08-05T14:42:06 CLT" name="testCompleteFormSubmission" data-provider="registerData" finished-at="2025-08-05T14:42:18 CLT" duration-ms="12407" status="PASS">
          <params>
            <param index="0">
              <value>
                <![CDATA[RegisterData{firstName='Empty', lastName='Fields', email='', phoneNumber='', dateOfBirth='', gender='', state='', city='', currentAddress=''}]]>
              </value>
            </param>
          </params>
          <reporter-output>
          </reporter-output>
        </test-method> <!-- testCompleteFormSubmission -->
        <test-method is-config="true" signature="afterMethod()[pri:0, instance:suiteTest.RegisterTest@1283bb96]" started-at="2025-08-05T14:42:18 CLT" name="afterMethod" finished-at="2025-08-05T14:42:18 CLT" duration-ms="4" status="PASS">
          <reporter-output>
          </reporter-output>
        </test-method> <!-- afterMethod -->
        <test-method is-config="true" signature="tearDown()[pri:0, instance:suiteTest.RegisterTest@1283bb96]" started-at="2025-08-05T14:42:18 CLT" name="tearDown" finished-at="2025-08-05T14:42:20 CLT" duration-ms="1678" status="PASS">
          <reporter-output>
          </reporter-output>
        </test-method> <!-- tearDown -->
      </class> <!-- suiteTest.RegisterTest -->
    </test> <!-- Firefox-RegisterTest-Essential -->
  </suite> <!-- Cross-Browser-Suite-Optimized -->
</testng-results>
