<?xml version="1.0" encoding="UTF-8"?>
<testsuite xmlns:xsi="http://www.w3.org/2001/XMLSchema-instance" xsi:noNamespaceSchemaLocation="https://maven.apache.org/surefire/maven-surefire-plugin/xsd/surefire-test-report-3.0.xsd" version="3.0" name="suiteTest.LoginTest" time="24.661" tests="5" errors="0" skipped="0" failures="0">
  <properties>
[...]
</properties>
  <testcase name="testLogin[UserData{username=&apos;student&apos;, password=&apos;***&apos;, expectedResult=&apos;success&apos;, description=&apos;Login válido con credenciales correctas&apos;}](1)" classname="suiteTest.LoginTest" time="5.75">
    <system-out><![CDATA[🚀 ===== INICIANDO SUITE: Surefire test =====
✅ Reporte Extent inicializado: reports/AutomationSuite_Report_2025-08-04_13-04-41.html
📋 Tests programados: 3
🔧 Configurando LoginTest OPTIMIZADO...
🧪 Iniciando test: testLogin [LoginTest]
]]></system-out>
    <system-err><![CDATA[SLF4J: Failed to load class "org.slf4j.impl.StaticLoggerBinder".
SLF4J: Defaulting to no-operation (NOP) logger implementation
SLF4J: See http://www.slf4j.org/codes.html#StaticLoggerBinder for further details.
ago. 04, 2025 1:04:43 P. M. org.openqa.selenium.devtools.CdpVersionFinder findNearestMatch
ADVERTENCIA: Unable to find CDP implementation matching 138
ago. 04, 2025 1:04:43 P. M. org.openqa.selenium.chromium.ChromiumDriver lambda$new$5
ADVERTENCIA: Unable to find version of CDP to use for 138.0.7204.184. You may need to include a dependency on a specific version of the CDP using something similar to `org.seleniumhq.selenium:selenium-devtools-v86:4.15.0` where the version ("v86") matches the version of the chromium-based browser you're using and the version number of the artifact is the same as Selenium's.
]]></system-err>
  </testcase>
  <testcase name="testLogin[UserData{username=&apos;admin@test.com&apos;, password=&apos;***&apos;, expectedResult=&apos;success&apos;, description=&apos;Login de administrador&apos;}](2)" classname="suiteTest.LoginTest" time="11.006">
    <system-out><![CDATA[✅ Test EXITOSO: testLogin
🧪 Iniciando test: testLogin [LoginTest]
]]></system-out>
  </testcase>
  <testcase name="testLogin[UserData{username=&apos;user@example.com&apos;, password=&apos;***&apos;, expectedResult=&apos;failed&apos;, description=&apos;Contraseña incorrecta&apos;}](3)" classname="suiteTest.LoginTest" time="3.165">
    <system-out><![CDATA[✅ Test EXITOSO: testLogin
🧪 Iniciando test: testLogin [LoginTest]
]]></system-out>
  </testcase>
  <testcase name="testEmptyLoginFast" classname="suiteTest.LoginTest" time="0.364">
    <system-out><![CDATA[✅ Test EXITOSO: testLogin
🧪 Iniciando test: testEmptyLoginFast [LoginTest]
]]></system-out>
  </testcase>
  <testcase name="testInvalidCredentialsFast" classname="suiteTest.LoginTest" time="0.513">
    <system-out><![CDATA[✅ Test EXITOSO: testEmptyLoginFast
🧪 Iniciando test: testInvalidCredentialsFast [LoginTest]
]]></system-out>
  </testcase>
</testsuite>