<?xml version="1.0" encoding="UTF-8"?>
<testsuite xmlns:xsi="http://www.w3.org/2001/XMLSchema-instance" xsi:noNamespaceSchemaLocation="https://maven.apache.org/surefire/maven-surefire-plugin/xsd/surefire-test-report-3.0.xsd" version="3.0" name="TestSuite" time="277.438" tests="17" errors="0" skipped="0" failures="0">
  <properties>
[...]
</properties>
  <testcase name="testLogin[UserData{username=&apos;student&apos;, password=&apos;***&apos;, expectedResult=&apos;success&apos;, description=&apos;Login válido con credenciales correctas&apos;}](1)" classname="suiteTest.LoginTest" time="6.265">
    <system-out><![CDATA[...
... TestNG 7.8.0 by Cédric Beust (cedric@beust.com)
...

🚀 ===== INICIANDO SUITE: Chrome-LoginTests-Complete =====
✅ Reporte Extent inicializado: reports/AutomationSuite_Report_2025-08-05_14-37-44.html
📋 Tests programados: 3
🔧 Configurando LoginTest OPTIMIZADO en chrome...
🔍 Validando CSV: src/test/resources/User.csv -> EXISTE
📄 Primeras líneas del CSV:
   1: username,password,expectedResult,description
   2: student,Password123,success,Login válido con credenciales correctas
   3: incorrectUser,Password123,failed,Usuario inexistente
🧪 Iniciando test: testLogin [LoginTest]
]]></system-out>
    <system-err><![CDATA[SLF4J: Failed to load class "org.slf4j.impl.StaticLoggerBinder".
SLF4J: Defaulting to no-operation (NOP) logger implementation
SLF4J: See http://www.slf4j.org/codes.html#StaticLoggerBinder for further details.
ago. 05, 2025 2:37:49 P. M. org.openqa.selenium.devtools.CdpVersionFinder findNearestMatch
WARNING: Unable to find CDP implementation matching 138
ago. 05, 2025 2:37:49 P. M. org.openqa.selenium.chromium.ChromiumDriver lambda$new$5
WARNING: Unable to find version of CDP to use for 138.0.7204.184. You may need to include a dependency on a specific version of the CDP using something similar to `org.seleniumhq.selenium:selenium-devtools-v86:4.15.0` where the version ("v86") matches the version of the chromium-based browser you're using and the version number of the artifact is the same as Selenium's.
]]></system-err>
  </testcase>
  <testcase name="testLogin[UserData{username=&apos;student&apos;, password=&apos;***&apos;, expectedResult=&apos;success&apos;, description=&apos;Login válido con credenciales correctas&apos;}](1)" classname="suiteTest.LoginTest" time="6.195">
    <system-out><![CDATA[✅ Test EXITOSO: testFormFieldsValidation
🏁 ===== FINALIZANDO SUITE: Chrome-RegisterTests-Complete =====
📊 ESTADÍSTICAS FINALES:
   🎯 Total de Tests: 5
   ✅ Exitosos: 5
   ❌ Fallidos: 0
   ⏭️ Omitidos: 0
   📈 Tasa de Éxito: 100,0%
📄 Reporte HTML generado: reports/AutomationSuite_Report_2025-08-05_14-37-44.html
🔗 Abrir en navegador: file:///C:/Users/Familia Romero/Desktop/Boopcamp QA/entregables/Ev-Mod4/Ev-Mod4/reports/AutomationSuite_Report_2025-08-05_14-37-44.html
📄 Reporte HTML disponible en: reports/AutomationSuite_Report_2025-08-05_14-37-44.html
📂 Screenshots disponibles en: screenshots/
🎉 ¡SUITE COMPLETADA EXITOSAMENTE! Todos los tests pasaron.
🚀 ===== INICIANDO SUITE: Firefox-LoginTest-Essential =====
📋 Tests programados: 1
🔧 Configurando LoginTest OPTIMIZADO en firefox...
🔍 Validando CSV: src/test/resources/User.csv -> EXISTE
📄 Primeras líneas del CSV:
   1: username,password,expectedResult,description
   2: student,Password123,success,Login válido con credenciales correctas
   3: incorrectUser,Password123,failed,Usuario inexistente
🧪 Iniciando test: testLogin [LoginTest]
]]></system-out>
  </testcase>
  <testcase name="testLogin[UserData{username=&apos;incorrectUser&apos;, password=&apos;***&apos;, expectedResult=&apos;failed&apos;, description=&apos;Usuario inexistente&apos;}](2)" classname="suiteTest.LoginTest" time="3.524">
    <system-out><![CDATA[✅ Test EXITOSO: testLogin
🧪 Iniciando test: testLogin [LoginTest]
]]></system-out>
  </testcase>
  <testcase name="testLogin[UserData{username=&apos;incorrectUser&apos;, password=&apos;***&apos;, expectedResult=&apos;failed&apos;, description=&apos;Usuario inexistente&apos;}](2)" classname="suiteTest.LoginTest" time="2.752">
    <system-out><![CDATA[✅ Test EXITOSO: testLogin
🧪 Iniciando test: testLogin [LoginTest]
]]></system-out>
  </testcase>
  <testcase name="testLogin[UserData{username=&apos;student&apos;, password=&apos;***&apos;, expectedResult=&apos;failed&apos;, description=&apos;Contraseña incorrecta&apos;}](3)" classname="suiteTest.LoginTest" time="3.303">
    <system-out><![CDATA[✅ Test EXITOSO: testLogin
🧪 Iniciando test: testLogin [LoginTest]
]]></system-out>
  </testcase>
  <testcase name="testLogin[UserData{username=&apos;student&apos;, password=&apos;***&apos;, expectedResult=&apos;failed&apos;, description=&apos;Contraseña incorrecta&apos;}](3)" classname="suiteTest.LoginTest" time="2.679">
    <system-out><![CDATA[✅ Test EXITOSO: testLogin
🧪 Iniciando test: testLogin [LoginTest]
]]></system-out>
  </testcase>
  <testcase name="testEmptyLoginFast" classname="suiteTest.LoginTest" time="1.157">
    <system-out><![CDATA[✅ Test EXITOSO: testLogin
🧪 Iniciando test: testEmptyLoginFast [LoginTest]
]]></system-out>
  </testcase>
  <testcase name="testInvalidCredentialsFast" classname="suiteTest.LoginTest" time="0.738">
    <system-out><![CDATA[✅ Test EXITOSO: testEmptyLoginFast
🧪 Iniciando test: testInvalidCredentialsFast [LoginTest]
]]></system-out>
  </testcase>
  <testcase name="testCompleteFormSubmission[RegisterData{firstName=&apos;Juan&apos;, lastName=&apos;Perez&apos;, email=&apos;juan.perez@gmail.com&apos;, phoneNumber=&apos;1234567890&apos;, dateOfBirth=&apos;15 January 1990&apos;, gender=&apos;Male&apos;, state=&apos;NCR&apos;, city=&apos;Delhi&apos;, currentAddress=&apos;Juan Perez Address&#10;123 Main Street&#10;Delhi India&apos;}](1)" classname="suiteTest.RegisterTest" time="40.269">
    <system-out><![CDATA[✅ Test EXITOSO: testInvalidCredentialsFast
🏁 ===== FINALIZANDO SUITE: Chrome-LoginTests-Complete =====
📊 ESTADÍSTICAS FINALES:
   🎯 Total de Tests: 5
   ✅ Exitosos: 5
   ❌ Fallidos: 0
   ⏭️ Omitidos: 0
   📈 Tasa de Éxito: 100,0%
📄 Reporte HTML generado: reports/AutomationSuite_Report_2025-08-05_14-37-44.html
🔗 Abrir en navegador: file:///C:/Users/Familia Romero/Desktop/Boopcamp QA/entregables/Ev-Mod4/Ev-Mod4/reports/AutomationSuite_Report_2025-08-05_14-37-44.html
📄 Reporte HTML disponible en: reports/AutomationSuite_Report_2025-08-05_14-37-44.html
📂 Screenshots disponibles en: screenshots/
🎉 ¡SUITE COMPLETADA EXITOSAMENTE! Todos los tests pasaron.
🚀 ===== INICIANDO SUITE: Chrome-RegisterTests-Complete =====
📋 Tests programados: 2
🔧 Configurando RegisterTest COMPLETO en chrome...
🔍 Validando CSV: src/test/resources/Register.csv -> EXISTE
📄 Primeras líneas del CSV:
   1: firstName,lastName,email,phoneNumber,dateOfBirth,gender,state,city,currentAddress
   2: Juan,Perez,juan.perez@gmail.com,1234567890,15 January 1990,Male,NCR,Delhi,"Juan Perez Address\n123 Main Street\nDelhi India"
   3: Maria,Garcia,maria.garcia@outlook.com,9876543210,20 February 1992,Female,Uttar Pradesh,Agra,"Maria Garcia Address\n456 Oak Avenue\nAgra India"
📋 Header CSV: firstName,lastName,email,phoneNumber,dateOfBirth,gender,state,city,currentAddress
🔍 Línea 2: Juan,Perez,juan.perez@gmail.com,1234567890,15 January 1990,Male,NCR,Delhi,"Juan Perez Address\n123 Main Street\nDelhi India"
📊 Campos parseados: 9
✅ RegisterData creado: Juan Perez | NCR/Delhi
🔍 Línea 3: Maria,Garcia,maria.garcia@outlook.com,9876543210,20 February 1992,Female,Uttar Pradesh,Agra,"Maria Garcia Address\n456 Oak Avenue\nAgra India"
📊 Campos parseados: 9
✅ RegisterData creado: Maria Garcia | Uttar Pradesh/Agra
🔍 Línea 4: Carlos,Rodriguez,carlos.rodriguez@yahoo.com,5555666777,10 March 1988,Male,Haryana,Karnal,"Carlos Rodriguez Address\n789 Pine Road\nKarnal India"
📊 Campos parseados: 9
✅ RegisterData creado: Carlos Rodriguez | Haryana/Karnal
🔍 Línea 5: Empty,Fields,,,,,,,
📊 Campos parseados: 9
✅ RegisterData creado: Empty Fields | NCR/Delhi
📊 Total RegisterData creados: 4
🧪 Iniciando test: testCompleteFormSubmission [RegisterTest]
]]></system-out>
    <system-err><![CDATA[ago. 05, 2025 2:38:08 P. M. org.openqa.selenium.devtools.CdpVersionFinder findNearestMatch
WARNING: Unable to find CDP implementation matching 138
ago. 05, 2025 2:38:08 P. M. org.openqa.selenium.chromium.ChromiumDriver lambda$new$5
WARNING: Unable to find version of CDP to use for 138.0.7204.184. You may need to include a dependency on a specific version of the CDP using something similar to `org.seleniumhq.selenium:selenium-devtools-v86:4.15.0` where the version ("v86") matches the version of the chromium-based browser you're using and the version number of the artifact is the same as Selenium's.
]]></system-err>
  </testcase>
  <testcase name="testCompleteFormSubmission[RegisterData{firstName=&apos;Juan&apos;, lastName=&apos;Perez&apos;, email=&apos;juan.perez@gmail.com&apos;, phoneNumber=&apos;1234567890&apos;, dateOfBirth=&apos;15 January 1990&apos;, gender=&apos;Male&apos;, state=&apos;NCR&apos;, city=&apos;Delhi&apos;, currentAddress=&apos;Juan Perez Address&#10;123 Main Street&#10;Delhi India&apos;}](1)" classname="suiteTest.RegisterTest" time="39.781">
    <system-out><![CDATA[✅ Test EXITOSO: testLogin
🏁 ===== FINALIZANDO SUITE: Firefox-LoginTest-Essential =====
📊 ESTADÍSTICAS FINALES:
   🎯 Total de Tests: 3
   ✅ Exitosos: 3
   ❌ Fallidos: 0
   ⏭️ Omitidos: 0
   📈 Tasa de Éxito: 100,0%
📄 Reporte HTML generado: reports/AutomationSuite_Report_2025-08-05_14-37-44.html
🔗 Abrir en navegador: file:///C:/Users/Familia Romero/Desktop/Boopcamp QA/entregables/Ev-Mod4/Ev-Mod4/reports/AutomationSuite_Report_2025-08-05_14-37-44.html
📄 Reporte HTML disponible en: reports/AutomationSuite_Report_2025-08-05_14-37-44.html
📂 Screenshots disponibles en: screenshots/
🎉 ¡SUITE COMPLETADA EXITOSAMENTE! Todos los tests pasaron.
🚀 ===== INICIANDO SUITE: Firefox-RegisterTest-Essential =====
📋 Tests programados: 1
🔧 Configurando RegisterTest COMPLETO en firefox...
🔍 Validando CSV: src/test/resources/Register.csv -> EXISTE
📄 Primeras líneas del CSV:
   1: firstName,lastName,email,phoneNumber,dateOfBirth,gender,state,city,currentAddress
   2: Juan,Perez,juan.perez@gmail.com,1234567890,15 January 1990,Male,NCR,Delhi,"Juan Perez Address\n123 Main Street\nDelhi India"
   3: Maria,Garcia,maria.garcia@outlook.com,9876543210,20 February 1992,Female,Uttar Pradesh,Agra,"Maria Garcia Address\n456 Oak Avenue\nAgra India"
📋 Header CSV: firstName,lastName,email,phoneNumber,dateOfBirth,gender,state,city,currentAddress
🔍 Línea 2: Juan,Perez,juan.perez@gmail.com,1234567890,15 January 1990,Male,NCR,Delhi,"Juan Perez Address\n123 Main Street\nDelhi India"
📊 Campos parseados: 9
✅ RegisterData creado: Juan Perez | NCR/Delhi
🔍 Línea 3: Maria,Garcia,maria.garcia@outlook.com,9876543210,20 February 1992,Female,Uttar Pradesh,Agra,"Maria Garcia Address\n456 Oak Avenue\nAgra India"
📊 Campos parseados: 9
✅ RegisterData creado: Maria Garcia | Uttar Pradesh/Agra
🔍 Línea 4: Carlos,Rodriguez,carlos.rodriguez@yahoo.com,5555666777,10 March 1988,Male,Haryana,Karnal,"Carlos Rodriguez Address\n789 Pine Road\nKarnal India"
📊 Campos parseados: 9
✅ RegisterData creado: Carlos Rodriguez | Haryana/Karnal
🔍 Línea 5: Empty,Fields,,,,,,,
📊 Campos parseados: 9
✅ RegisterData creado: Empty Fields | NCR/Delhi
📊 Total RegisterData creados: 4
🧪 Iniciando test: testCompleteFormSubmission [RegisterTest]
]]></system-out>
  </testcase>
  <testcase name="testCompleteFormSubmission[RegisterData{firstName=&apos;Maria&apos;, lastName=&apos;Garcia&apos;, email=&apos;maria.garcia@outlook.com&apos;, phoneNumber=&apos;9876543210&apos;, dateOfBirth=&apos;20 February 1992&apos;, gender=&apos;Female&apos;, state=&apos;Uttar Pradesh&apos;, city=&apos;Agra&apos;, currentAddress=&apos;Maria Garcia Address&#10;456 Oak Avenue&#10;Agra India&apos;}](2)" classname="suiteTest.RegisterTest" time="34.117">
    <system-out><![CDATA[✅ Test EXITOSO: testCompleteFormSubmission
🧪 Iniciando test: testCompleteFormSubmission [RegisterTest]
]]></system-out>
  </testcase>
  <testcase name="testCompleteFormSubmission[RegisterData{firstName=&apos;Maria&apos;, lastName=&apos;Garcia&apos;, email=&apos;maria.garcia@outlook.com&apos;, phoneNumber=&apos;9876543210&apos;, dateOfBirth=&apos;20 February 1992&apos;, gender=&apos;Female&apos;, state=&apos;Uttar Pradesh&apos;, city=&apos;Agra&apos;, currentAddress=&apos;Maria Garcia Address&#10;456 Oak Avenue&#10;Agra India&apos;}](2)" classname="suiteTest.RegisterTest" time="12.911">
    <system-out><![CDATA[✅ Test EXITOSO: testCompleteFormSubmission
🧪 Iniciando test: testCompleteFormSubmission [RegisterTest]
]]></system-out>
  </testcase>
  <testcase name="testCompleteFormSubmission[RegisterData{firstName=&apos;Carlos&apos;, lastName=&apos;Rodriguez&apos;, email=&apos;carlos.rodriguez@yahoo.com&apos;, phoneNumber=&apos;5555666777&apos;, dateOfBirth=&apos;10 March 1988&apos;, gender=&apos;Male&apos;, state=&apos;Haryana&apos;, city=&apos;Karnal&apos;, currentAddress=&apos;Carlos Rodriguez Address&#10;789 Pine Road&#10;Karnal India&apos;}](3)" classname="suiteTest.RegisterTest" time="33.701">
    <system-out><![CDATA[✅ Test EXITOSO: testCompleteFormSubmission
🧪 Iniciando test: testCompleteFormSubmission [RegisterTest]
]]></system-out>
  </testcase>
  <testcase name="testCompleteFormSubmission[RegisterData{firstName=&apos;Carlos&apos;, lastName=&apos;Rodriguez&apos;, email=&apos;carlos.rodriguez@yahoo.com&apos;, phoneNumber=&apos;5555666777&apos;, dateOfBirth=&apos;10 March 1988&apos;, gender=&apos;Male&apos;, state=&apos;Haryana&apos;, city=&apos;Karnal&apos;, currentAddress=&apos;Carlos Rodriguez Address&#10;789 Pine Road&#10;Karnal India&apos;}](3)" classname="suiteTest.RegisterTest" time="12.766">
    <system-out><![CDATA[✅ Test EXITOSO: testCompleteFormSubmission
🧪 Iniciando test: testCompleteFormSubmission [RegisterTest]
]]></system-out>
  </testcase>
  <testcase name="testCompleteFormSubmission[RegisterData{firstName=&apos;Empty&apos;, lastName=&apos;Fields&apos;, email=&apos;&apos;, phoneNumber=&apos;&apos;, dateOfBirth=&apos;&apos;, gender=&apos;&apos;, state=&apos;&apos;, city=&apos;&apos;, currentAddress=&apos;&apos;}](4)" classname="suiteTest.RegisterTest" time="33.925">
    <system-out><![CDATA[✅ Test EXITOSO: testCompleteFormSubmission
🧪 Iniciando test: testCompleteFormSubmission [RegisterTest]
]]></system-out>
  </testcase>
  <testcase name="testCompleteFormSubmission[RegisterData{firstName=&apos;Empty&apos;, lastName=&apos;Fields&apos;, email=&apos;&apos;, phoneNumber=&apos;&apos;, dateOfBirth=&apos;&apos;, gender=&apos;&apos;, state=&apos;&apos;, city=&apos;&apos;, currentAddress=&apos;&apos;}](4)" classname="suiteTest.RegisterTest" time="12.407">
    <system-out><![CDATA[✅ Test EXITOSO: testCompleteFormSubmission
🧪 Iniciando test: testCompleteFormSubmission [RegisterTest]
]]></system-out>
  </testcase>
  <testcase name="testFormFieldsValidation" classname="suiteTest.RegisterTest" time="2.216">
    <system-out><![CDATA[✅ Test EXITOSO: testCompleteFormSubmission
🧪 Iniciando test: testFormFieldsValidation [RegisterTest]
]]></system-out>
  </testcase>
</testsuite>