<?xml version="1.0" encoding="UTF-8"?>
<!-- Generated by org.testng.reporters.JUnitXMLReporter -->
<testsuite ignored="0" hostname="FamiliaRomero" failures="0" tests="5" name="Chrome-RegisterTests-Complete" time="148.406" errors="0" timestamp="2025-08-05T14:40:35 CLT">
  <testcase classname="suiteTest.RegisterTest" name="testCompleteFormSubmission" time="40.318"/>
  <testcase classname="suiteTest.RegisterTest" name="testCompleteFormSubmission" time="34.122"/>
  <testcase classname="suiteTest.RegisterTest" name="testCompleteFormSubmission" time="33.699"/>
  <testcase classname="suiteTest.RegisterTest" name="testCompleteFormSubmission" time="33.926"/>
  <testcase classname="suiteTest.RegisterTest" name="testFormFieldsValidation" time="2.216"/>
</testsuite> <!-- Chrome-RegisterTests-Complete -->
