<?xml version="1.0" encoding="UTF-8"?>
<!-- Generated by org.testng.reporters.JUnitXMLReporter -->
<testsuite ignored="0" hostname="HPCLAUDIO" failures="0" tests="5" name="Chrome-RegisterTests-Complete" time="135.093" errors="0" timestamp="2025-08-04T17:28:25 CLT">
  <testcase classname="suiteTest.RegisterTest" name="testCompleteFormSubmission" time="35.861"/>
  <testcase classname="suiteTest.RegisterTest" name="testCompleteFormSubmission" time="31.116"/>
  <testcase classname="suiteTest.RegisterTest" name="testCompleteFormSubmission" time="33.06"/>
  <testcase classname="suiteTest.RegisterTest" name="testCompleteFormSubmission" time="31.016"/>
  <testcase classname="suiteTest.RegisterTest" name="testFormFieldsValidation" time="1.777"/>
</testsuite> <!-- Chrome-RegisterTests-Complete -->
