<?xml version="1.0" encoding="UTF-8"?>
<!-- Generated by org.testng.reporters.JUnitXMLReporter -->
<testsuite ignored="0" hostname="FamiliaRomero" failures="0" tests="5" name="Chrome-LoginTests-Complete" time="22.112" errors="0" timestamp="2025-08-05T14:38:06 CLT">
  <testcase classname="suiteTest.LoginTest" name="testLogin" time="6.291"/>
  <testcase classname="suiteTest.LoginTest" name="testLogin" time="3.533"/>
  <testcase classname="suiteTest.LoginTest" name="testLogin" time="3.295"/>
  <testcase classname="suiteTest.LoginTest" name="testEmptyLoginFast" time="1.155"/>
  <testcase classname="suiteTest.LoginTest" name="testInvalidCredentialsFast" time="0.747"/>
</testsuite> <!-- Chrome-LoginTests-Complete -->
