<?xml version="1.0" encoding="UTF-8"?>
<!-- Generated by org.testng.reporters.JUnitXMLReporter -->
<testsuite ignored="0" hostname="HPCLAUDIO" failures="0" tests="5" name="Chrome-LoginTests-Complete" time="14.329" errors="0" timestamp="2025-08-04T17:26:10 CLT">
  <testcase classname="suiteTest.LoginTest" name="testLogin" time="5.694"/>
  <testcase classname="suiteTest.LoginTest" name="testLogin" time="2.557"/>
  <testcase classname="suiteTest.LoginTest" name="testLogin" time="2.512"/>
  <testcase classname="suiteTest.LoginTest" name="testEmptyLoginFast" time="0.375"/>
  <testcase classname="suiteTest.LoginTest" name="testInvalidCredentialsFast" time="0.502"/>
</testsuite> <!-- Chrome-LoginTests-Complete -->
