<?xml version="1.0" encoding="UTF-8"?>
<!-- Generated by org.testng.reporters.JUnitXMLReporter -->
<testsuite ignored="1" hostname="FamiliaRomero" failures="0" tests="4" name="Firefox-RegisterTest-Essential" time="84.658" errors="0" timestamp="2025-08-05T14:42:20 CLT">
  <testcase classname="suiteTest.RegisterTest" name="testCompleteFormSubmission" time="39.798"/>
  <testcase classname="suiteTest.RegisterTest" name="testCompleteFormSubmission" time="12.915"/>
  <testcase classname="suiteTest.RegisterTest" name="testCompleteFormSubmission" time="12.766"/>
  <testcase classname="suiteTest.RegisterTest" name="testCompleteFormSubmission" time="12.407"/>
  <testcase classname="suiteTest.RegisterTest" name="testFormFieldsValidation" time="0.0">
    <ignored/>
  </testcase> <!-- testFormFieldsValidation -->
</testsuite> <!-- Firefox-RegisterTest-Essential -->
