<?xml version="1.0" encoding="UTF-8"?>
<!-- Generated by org.testng.reporters.JUnitXMLReporter -->
<testsuite ignored="1" hostname="HPCLAUDIO" failures="0" tests="4" name="Firefox-RegisterTest-Essential" time="63.706" errors="0" timestamp="2025-08-04T17:29:44 CLT">
  <testcase classname="suiteTest.RegisterTest" name="testCompleteFormSubmission" time="23.202"/>
  <testcase classname="suiteTest.RegisterTest" name="testCompleteFormSubmission" time="12.766"/>
  <testcase classname="suiteTest.RegisterTest" name="testCompleteFormSubmission" time="11.201"/>
  <testcase classname="suiteTest.RegisterTest" name="testCompleteFormSubmission" time="12.706"/>
  <testcase classname="suiteTest.RegisterTest" name="testFormFieldsValidation" time="0.0">
    <ignored/>
  </testcase> <!-- testFormFieldsValidation -->
</testsuite> <!-- Firefox-RegisterTest-Essential -->
