<?xml version="1.0" encoding="UTF-8"?>
<!-- Generated by org.testng.reporters.JUnitXMLReporter -->
<testsuite ignored="2" hostname="HPCLAUDIO" failures="0" tests="3" name="Firefox-LoginTest-Essential" time="15.329" errors="0" timestamp="2025-08-04T17:28:41 CLT">
  <testcase classname="suiteTest.LoginTest" name="testLogin" time="6.15"/>
  <testcase classname="suiteTest.LoginTest" name="testLogin" time="2.478"/>
  <testcase classname="suiteTest.LoginTest" name="testLogin" time="2.486"/>
  <testcase classname="suiteTest.LoginTest" name="testEmptyLoginFast" time="0.0">
    <ignored/>
  </testcase> <!-- testEmptyLoginFast -->
  <testcase classname="suiteTest.LoginTest" name="testInvalidCredentialsFast" time="0.0">
    <ignored/>
  </testcase> <!-- testInvalidCredentialsFast -->
</testsuite> <!-- Firefox-LoginTest-Essential -->
