<?xml version="1.0" encoding="UTF-8"?>
<!-- Generated by org.testng.reporters.JUnitXMLReporter -->
<testsuite ignored="2" hostname="FamiliaRomero" failures="0" tests="3" name="Firefox-LoginTest-Essential" time="19.697" errors="0" timestamp="2025-08-05T14:40:55 CLT">
  <testcase classname="suiteTest.LoginTest" name="testLogin" time="6.201"/>
  <testcase classname="suiteTest.LoginTest" name="testLogin" time="2.752"/>
  <testcase classname="suiteTest.LoginTest" name="testLogin" time="2.675"/>
  <testcase classname="suiteTest.LoginTest" name="testInvalidCredentialsFast" time="0.0">
    <ignored/>
  </testcase> <!-- testInvalidCredentialsFast -->
  <testcase classname="suiteTest.LoginTest" name="testEmptyLoginFast" time="0.0">
    <ignored/>
  </testcase> <!-- testEmptyLoginFast -->
</testsuite> <!-- Firefox-LoginTest-Essential -->
